<?xml version="1.0" encoding="UTF-8"?>
<!-- Generated by org.testng.reporters.JUnitReportReporter -->
<testsuite hostname="LAPTOP-BFLULPE1" failures="0" tests="7" name="com.runnerTestNG.RunnerTestNGClass" time="207.460" errors="0" timestamp="2026-01-25T09:11:25 IST" skipped="0">
  <testcase classname="com.runnerTestNG.RunnerTestNGClass" name="LoginPageTest" time="10.937"/>
  <testcase classname="com.runnerTestNG.RunnerTestNGClass" name="ProfileUpdateTest" time="7.364"/>
  <testcase classname="com.runnerTestNG.RunnerTestNGClass" name="basicDetailsTest" time="28.590"/>
  <testcase classname="com.runnerTestNG.RunnerTestNGClass" name="resumeHeadlineTest" time="13.971"/>
  <testcase classname="com.runnerTestNG.RunnerTestNGClass" name="keySkillsTest" time="117.254"/>
  <testcase classname="com.runnerTestNG.RunnerTestNGClass" name="profileSummaryTest" time="22.155"/>
  <testcase classname="com.runnerTestNG.RunnerTestNGClass" name="uploadResumeTest" time="7.189"/>
</testsuite> <!-- com.runnerTestNG.RunnerTestNGClass -->
